
ROM used:   3158/32768 (10%)
            3158/32768 (10%) including unused fragments

            2.3 Average locations per line
            24.3 Average locations per statement

RAM used:   23/2048 (1%) at main() level
            48/2048 (2%) worst case

Stack used: 5 worst case (5 in main + 0 for interrupts)
Stack size: 31

Lines Stmts  %   Files
----- ----- ---  -----
   59    30  23  practica3.c
  852     0   0  ..\..\..\..\Program Files (x86)\PICC\devices\18F4550.h
  456   100  77  ..\..\..\..\Program Files (x86)\PICC\drivers\lcd.c
----- -----
 1367   130 Total

Page ROM  %  RAM    Vol Diff  Functions:
---- --- --- ---    --- ----  ----------
0     26   0    1             @delay_ms1
0     72   1    3    760  4.5  lcd_read_byte
0     82   1    2    262  3.7  lcd_read_nibble
0     62   1    1    399  2.4  lcd_send_nibble
0     70   1    3    415  3.7  lcd_send_byte
0    124   2    6    852  6.2  lcd_init
0     34   1    4    208  6.3  lcd_gotoxy
0     80   1    1    354  4.7  lcd_putc
0    558   9    4    904  4.2  MAIN
0     18   0    0             @const713
0     32   1    2             @PSTRINGC_695
0     10   0    0             @const718
0     12   0    0             @const719
0     16   0    0             @const720
0     56   1    2             @ITOF
0    242   4   11             @MULFF
0    346   5   14             @DIVFF
0    618  10   16             @ADDFF
0     18   0    0             @const732
0     30   0    3             @PSTRINGCN_695
0     64   1    5             @FTOSD
0    142   2   13             @DIV3232
0    442   7   13             @PRINTF_L32D_695FPFPFR
 Inline         0             @cinit1

Program metrics:
    Functions               8
    Statements              130
    Comments                281
    Volume (V)              6251
    Difficulty (D)          33.5
    Effort to implement (E) 209115
    Time to implement (T)   3 hours, 14 minutes
    Est Delivered Bugs (B)  1
    Cyclomatic Complexity   8
    Maintainability (MI)    103

 Segment     Used  Free
-----------  ----  ----
00000-00002     4  0  
00004-07FFE  3154  29610  



